2021-05-31 22:05:129 INFO  TestBase:128 - session not created: This version of ChromeDriver only supports Chrome version 83
Build info: version: '3.141.59', revision: 'e82be7d358', time: '2018-11-14T08:17:03'
System info: host: 'DESKTOP-FS7JD1M', ip: '192.168.0.106', os.name: 'Windows 10', os.arch: 'amd64', os.version: '10.0', java.version: '1.8.0_231'
Driver info: driver.version: ChromeDriver
remote stacktrace: Backtrace:
	Ordinal0 [0x01169563+2725219]
	Ordinal0 [0x01068551+1672529]
	Ordinal0 [0x00F50359+525145]
	Ordinal0 [0x00EE0B77+68471]
	Ordinal0 [0x00EDD32C+54060]
	Ordinal0 [0x00EFCC37+183351]
	Ordinal0 [0x00EFCA3D+182845]
	Ordinal0 [0x00EFA94B+174411]
	Ordinal0 [0x00EE2528+75048]
	Ordinal0 [0x00EE35A0+79264]
	Ordinal0 [0x00EE3539+79161]
	Ordinal0 [0x0107D607+1758727]
	GetHandleVerifier [0x01286546+1050150]
	GetHandleVerifier [0x01286291+1049457]
	GetHandleVerifier [0x012910D7+1094071]
	GetHandleVerifier [0x01286B46+1051686]
	Ordinal0 [0x01075B06+1727238]
	Ordinal0 [0x0107EB7B+1764219]
	Ordinal0 [0x0107ECE3+1764579]
	Ordinal0 [0x01094C05+1854469]
	BaseThreadInitThunk [0x76FFFA29+25]
	RtlGetAppContainerNamedObjectPath [0x77927A7E+286]
	RtlGetAppContainerNamedObjectPath [0x77927A4E+238]

